{
  "RSpec": {
    "coverage": {
      "/Users/student/Projects/week6/weekly-challenge/MakersBnB/spec/features/test_spec.rb": [
        1,
        1,
        1,
        1,
        null,
        null
      ],
      "/Users/student/Projects/week6/weekly-challenge/MakersBnB/spec/models/user_spec.rb": [
        1,
        null,
        1,
        1,
        1,
        null,
        null,
        null,
        null,
        null,
        null,
        1,
        1,
        1,
        1,
        null,
        null
      ]
    },
    "timestamp": 1571736322
  }
}
